  Main.cpp
e:\my_repository\flappybird-c+easyx\flappy bird\fb_headfile.h(45): warning C4091: “typedef ”: 没有声明变量时忽略“Picture”的左侧
e:\my_repository\flappybird-c+easyx\flappy bird\fb_headfile.h(60): warning C4091: “typedef ”: 没有声明变量时忽略“Data”的左侧
  control.cpp
e:\my_repository\flappybird-c+easyx\flappy bird\fb_headfile.h(45): warning C4091: “typedef ”: 没有声明变量时忽略“Picture”的左侧
e:\my_repository\flappybird-c+easyx\flappy bird\fb_headfile.h(60): warning C4091: “typedef ”: 没有声明变量时忽略“Data”的左侧
e:\my_repository\flappybird-c+easyx\flappy bird\control.cpp(67): warning C4305: “=”: 从“double”到“float”截断
e:\my_repository\flappybird-c+easyx\flappy bird\control.cpp(68): warning C4305: “=”: 从“double”到“float”截断
e:\my_repository\flappybird-c+easyx\flappy bird\control.cpp(82): warning C4244: “-=”: 从“float”转换到“int”，可能丢失数据
e:\my_repository\flappybird-c+easyx\flappy bird\control.cpp(83): warning C4305: “+=”: 从“double”到“float”截断
e:\my_repository\flappybird-c+easyx\flappy bird\control.cpp(84): warning C4305: “=”: 从“double”到“float”截断
e:\my_repository\flappybird-c+easyx\flappy bird\control.cpp(123): warning C4244: “+=”: 从“float”转换到“int”，可能丢失数据
e:\my_repository\flappybird-c+easyx\flappy bird\control.cpp(124): warning C4305: “+=”: 从“double”到“float”截断
e:\my_repository\flappybird-c+easyx\flappy bird\control.cpp(140): warning C4305: “=”: 从“double”到“float”截断
e:\my_repository\flappybird-c+easyx\flappy bird\control.cpp(361): warning C4244: “参数”: 从“float”转换到“int”，可能丢失数据
e:\my_repository\flappybird-c+easyx\flappy bird\control.cpp(376): warning C4305: “-=”: 从“double”到“float”截断
e:\my_repository\flappybird-c+easyx\flappy bird\control.cpp(598): warning C4244: “参数”: 从“float”转换到“int”，可能丢失数据
e:\my_repository\flappybird-c+easyx\flappy bird\control.cpp(969): warning C4244: “=”: 从“double”转换到“float”，可能丢失数据
e:\my_repository\flappybird-c+easyx\flappy bird\control.cpp(970): warning C4244: “=”: 从“double”转换到“float”，可能丢失数据
e:\my_repository\flappybird-c+easyx\flappy bird\control.cpp(976): warning C4244: “=”: 从“double”转换到“float”，可能丢失数据
e:\my_repository\flappybird-c+easyx\flappy bird\control.cpp(977): warning C4244: “=”: 从“double”转换到“float”，可能丢失数据
  正在生成代码...
  flppy bird.vcxproj -> E:\my_repository\FlappyBird-C+EasyX\flappy bird\x64\Debug\flppy bird.exe
